This is pdfTeX, Version 3.14159265-2.6-1.40.20 (TeX Live 2019/Debian) (preloaded format=pdflatex 2021.10.6)  14 DEC 2021 14:03
entering extended mode
 restricted \write18 enabled.
 file:line:error style messages enabled.
 %&-line parsing enabled.
**/media/totoro/Data/BTECH/5/practicals/daa/daa-lab/file.tex
(/media/totoro/Data/BTECH/5/practicals/daa/daa-lab/file.tex
LaTeX2e <2020-02-02> patch level 2
L3 programming layer <2020-02-14> (/usr/share/texlive/texmf-dist/tex/latex/base/article.cls
Document Class: article 2019/12/20 v1.4l Standard LaTeX document class
(/usr/share/texlive/texmf-dist/tex/latex/base/size10.clo
File: size10.clo 2019/12/20 v1.4l Standard LaTeX file (size option)
)
\c@part=\count167
\c@section=\count168
\c@subsection=\count169
\c@subsubsection=\count170
\c@paragraph=\count171
\c@subparagraph=\count172
\c@figure=\count173
\c@table=\count174
\abovecaptionskip=\skip47
\belowcaptionskip=\skip48
\bibindent=\dimen134
) (/usr/share/texlive/texmf-dist/tex/latex/geometry/geometry.sty
Package: geometry 2020/01/02 v5.9 Page Geometry
 (/usr/share/texlive/texmf-dist/tex/latex/graphics/keyval.sty
Package: keyval 2014/10/28 v1.15 key=value parser (DPC)
\KV@toks@=\toks14
) (/usr/share/texlive/texmf-dist/tex/generic/iftex/ifvtex.sty
Package: ifvtex 2019/10/25 v1.7 ifvtex legacy package. Use iftex instead.
 (/usr/share/texlive/texmf-dist/tex/generic/iftex/iftex.sty
Package: iftex 2019/11/07 v1.0c TeX engine tests
))
\Gm@cnth=\count175
\Gm@cntv=\count176
\c@Gm@tempcnt=\count177
\Gm@bindingoffset=\dimen135
\Gm@wd@mp=\dimen136
\Gm@odd@mp=\dimen137
\Gm@even@mp=\dimen138
\Gm@layoutwidth=\dimen139
\Gm@layoutheight=\dimen140
\Gm@layouthoffset=\dimen141
\Gm@layoutvoffset=\dimen142
\Gm@dimlist=\toks15
) (/usr/share/texlive/texmf-dist/tex/latex/psnfss/courier.sty
Package: courier 2005/04/12 PSNFSS-v9.2a (WaS) 
) (/usr/share/texlive/texmf-dist/tex/latex/listings/listings.sty
\lst@mode=\count178
\lst@gtempboxa=\box45
\lst@token=\toks16
\lst@length=\count179
\lst@currlwidth=\dimen143
\lst@column=\count180
\lst@pos=\count181
\lst@lostspace=\dimen144
\lst@width=\dimen145
\lst@newlines=\count182
\lst@lineno=\count183
\lst@maxwidth=\dimen146
 (/usr/share/texlive/texmf-dist/tex/latex/listings/lstmisc.sty
File: lstmisc.sty 2019/09/10 1.8c (Carsten Heinz)
\c@lstnumber=\count184
\lst@skipnumbers=\count185
\lst@framebox=\box46
) (/usr/share/texlive/texmf-dist/tex/latex/listings/listings.cfg
File: listings.cfg 2019/09/10 1.8c listings configuration
))
Package: listings 2019/09/10 1.8c (Carsten Heinz)
 (/usr/share/texlive/texmf-dist/tex/latex/xcolor/xcolor.sty
Package: xcolor 2016/05/11 v2.12 LaTeX color extensions (UK)
 (/usr/share/texlive/texmf-dist/tex/latex/graphics-cfg/color.cfg
File: color.cfg 2016/01/02 v1.6 sample color configuration
)
Package xcolor Info: Driver file: pdftex.def on input line 225.
 (/usr/share/texlive/texmf-dist/tex/latex/graphics-def/pdftex.def
File: pdftex.def 2018/01/08 v1.0l Graphics/color driver for pdftex
)
Package xcolor Info: Model `cmy' substituted by `cmy0' on input line 1348.
Package xcolor Info: Model `hsb' substituted by `rgb' on input line 1352.
Package xcolor Info: Model `RGB' extended on input line 1364.
Package xcolor Info: Model `HTML' substituted by `rgb' on input line 1366.
Package xcolor Info: Model `Hsb' substituted by `hsb' on input line 1367.
Package xcolor Info: Model `tHsb' substituted by `hsb' on input line 1368.
Package xcolor Info: Model `HSB' substituted by `hsb' on input line 1369.
Package xcolor Info: Model `Gray' substituted by `gray' on input line 1370.
Package xcolor Info: Model `wave' substituted by `hsb' on input line 1371.
) (/usr/share/texlive/texmf-dist/tex/latex/hyperref/hyperref.sty
Package: hyperref 2020/01/14 v7.00d Hypertext links for LaTeX
 (/usr/share/texlive/texmf-dist/tex/generic/ltxcmds/ltxcmds.sty
Package: ltxcmds 2019/12/15 v1.24 LaTeX kernel commands for general use (HO)
) (/usr/share/texlive/texmf-dist/tex/latex/pdftexcmds/pdftexcmds.sty
Package: pdftexcmds 2019/11/24 v0.31 Utility functions of pdfTeX for LuaTeX (HO)
 (/usr/share/texlive/texmf-dist/tex/generic/infwarerr/infwarerr.sty
Package: infwarerr 2019/12/03 v1.5 Providing info/warning/error messages (HO)
)
Package pdftexcmds Info: \pdf@primitive is available.
Package pdftexcmds Info: \pdf@ifprimitive is available.
Package pdftexcmds Info: \pdfdraftmode found.
) (/usr/share/texlive/texmf-dist/tex/generic/kvsetkeys/kvsetkeys.sty
Package: kvsetkeys 2019/12/15 v1.18 Key value parser (HO)
) (/usr/share/texlive/texmf-dist/tex/generic/kvdefinekeys/kvdefinekeys.sty
Package: kvdefinekeys 2019-12-19 v1.6 Define keys (HO)
) (/usr/share/texlive/texmf-dist/tex/generic/pdfescape/pdfescape.sty
Package: pdfescape 2019/12/09 v1.15 Implements pdfTeX's escape features (HO)
) (/usr/share/texlive/texmf-dist/tex/latex/hycolor/hycolor.sty
Package: hycolor 2020-01-27 v1.10 Color options for hyperref/bookmark (HO)
) (/usr/share/texlive/texmf-dist/tex/latex/letltxmacro/letltxmacro.sty
Package: letltxmacro 2019/12/03 v1.6 Let assignment for LaTeX macros (HO)
) (/usr/share/texlive/texmf-dist/tex/latex/auxhook/auxhook.sty
Package: auxhook 2019-12-17 v1.6 Hooks for auxiliary files (HO)
) (/usr/share/texlive/texmf-dist/tex/latex/kvoptions/kvoptions.sty
Package: kvoptions 2019/11/29 v3.13 Key value format for package options (HO)
)
\@linkdim=\dimen147
\Hy@linkcounter=\count186
\Hy@pagecounter=\count187
 (/usr/share/texlive/texmf-dist/tex/latex/hyperref/pd1enc.def
File: pd1enc.def 2020/01/14 v7.00d Hyperref: PDFDocEncoding definition (HO)
Now handling font encoding PD1 ...
... no UTF-8 mapping file for font encoding PD1
) (/usr/share/texlive/texmf-dist/tex/generic/intcalc/intcalc.sty
Package: intcalc 2019/12/15 v1.3 Expandable calculations with integers (HO)
) (/usr/share/texlive/texmf-dist/tex/generic/etexcmds/etexcmds.sty
Package: etexcmds 2019/12/15 v1.7 Avoid name clashes with e-TeX commands (HO)
)
\Hy@SavedSpaceFactor=\count188
\pdfmajorversion=\count189
Package hyperref Info: Hyper figures OFF on input line 4547.
Package hyperref Info: Link nesting OFF on input line 4552.
Package hyperref Info: Hyper index ON on input line 4555.
Package hyperref Info: Plain pages OFF on input line 4562.
Package hyperref Info: Backreferencing OFF on input line 4567.
Package hyperref Info: Implicit mode ON; LaTeX internals redefined.
Package hyperref Info: Bookmarks ON on input line 4800.
\c@Hy@tempcnt=\count190
 (/usr/share/texlive/texmf-dist/tex/latex/url/url.sty
\Urlmuskip=\muskip16
Package: url 2013/09/16  ver 3.4  Verb mode for urls, etc.
)
LaTeX Info: Redefining \url on input line 5159.
\XeTeXLinkMargin=\dimen148
 (/usr/share/texlive/texmf-dist/tex/generic/bitset/bitset.sty
Package: bitset 2019/12/09 v1.3 Handle bit-vector datatype (HO)
 (/usr/share/texlive/texmf-dist/tex/generic/bigintcalc/bigintcalc.sty
Package: bigintcalc 2019/12/15 v1.5 Expandable calculations on big integers (HO)
))
\Fld@menulength=\count191
\Field@Width=\dimen149
\Fld@charsize=\dimen150
Package hyperref Info: Hyper figures OFF on input line 6430.
Package hyperref Info: Link nesting OFF on input line 6435.
Package hyperref Info: Hyper index ON on input line 6438.
Package hyperref Info: backreferencing OFF on input line 6445.
Package hyperref Info: Link coloring OFF on input line 6450.
Package hyperref Info: Link coloring with OCG OFF on input line 6455.
Package hyperref Info: PDF/A mode OFF on input line 6460.
LaTeX Info: Redefining \ref on input line 6500.
LaTeX Info: Redefining \pageref on input line 6504.
 (/usr/share/texlive/texmf-dist/tex/generic/atbegshi/atbegshi.sty
Package: atbegshi 2019/12/05 v1.19 At begin shipout hook (HO)
)
\Hy@abspage=\count192
\c@Item=\count193
\c@Hfootnote=\count194
)
Package hyperref Info: Driver (autodetected): hpdftex.
 (/usr/share/texlive/texmf-dist/tex/latex/hyperref/hpdftex.def
File: hpdftex.def 2020/01/14 v7.00d Hyperref driver for pdfTeX
 (/usr/share/texlive/texmf-dist/tex/latex/atveryend/atveryend.sty
Package: atveryend 2019-12-11 v1.11 Hooks at the very end of document (HO)
Package atveryend Info: \enddocument detected (standard20110627).
)
\Fld@listcount=\count195
\c@bookmark@seq@number=\count196
 (/usr/share/texlive/texmf-dist/tex/latex/rerunfilecheck/rerunfilecheck.sty
Package: rerunfilecheck 2019/12/05 v1.9 Rerun checks for auxiliary files (HO)
 (/usr/share/texlive/texmf-dist/tex/generic/uniquecounter/uniquecounter.sty
Package: uniquecounter 2019/12/15 v1.4 Provide unlimited unique counter (HO)
)
Package uniquecounter Info: New unique counter `rerunfilecheck' on input line 286.
)
\Hy@SectionHShift=\skip49
)
Package hyperref Info: Option `colorlinks' set `true' on input line 11.
 (/usr/share/texlive/texmf-dist/tex/latex/pgf/frontendlayer/tikz.sty (/usr/share/texlive/texmf-dist/tex/latex/pgf/basiclayer/pgf.sty (/usr/share/texlive/texmf-dist/tex/latex/pgf/utilities/pgfrcs.sty (/usr/share/texlive/texmf-dist/tex/generic/pgf/utilities/pgfutil-common.tex
\pgfutil@everybye=\toks17
\pgfutil@tempdima=\dimen151
\pgfutil@tempdimb=\dimen152
 (/usr/share/texlive/texmf-dist/tex/generic/pgf/utilities/pgfutil-common-lists.tex)) (/usr/share/texlive/texmf-dist/tex/generic/pgf/utilities/pgfutil-latex.def
\pgfutil@abb=\box47
 (/usr/share/texlive/texmf-dist/tex/latex/ms/everyshi.sty
Package: everyshi 2001/05/15 v3.00 EveryShipout Package (MS)
)) (/usr/share/texlive/texmf-dist/tex/generic/pgf/utilities/pgfrcs.code.tex (/usr/share/texlive/texmf-dist/tex/generic/pgf/pgf.revision.tex)
Package: pgfrcs 2020/01/08 v3.1.5b (3.1.5b)
))
Package: pgf 2020/01/08 v3.1.5b (3.1.5b)
 (/usr/share/texlive/texmf-dist/tex/latex/pgf/basiclayer/pgfcore.sty (/usr/share/texlive/texmf-dist/tex/latex/graphics/graphicx.sty
Package: graphicx 2019/11/30 v1.2a Enhanced LaTeX Graphics (DPC,SPQR)
 (/usr/share/texlive/texmf-dist/tex/latex/graphics/graphics.sty
Package: graphics 2019/11/30 v1.4a Standard LaTeX Graphics (DPC,SPQR)
 (/usr/share/texlive/texmf-dist/tex/latex/graphics/trig.sty
Package: trig 2016/01/03 v1.10 sin cos tan (DPC)
) (/usr/share/texlive/texmf-dist/tex/latex/graphics-cfg/graphics.cfg
File: graphics.cfg 2016/06/04 v1.11 sample graphics configuration
)
Package graphics Info: Driver file: pdftex.def on input line 105.
)
\Gin@req@height=\dimen153
\Gin@req@width=\dimen154
) (/usr/share/texlive/texmf-dist/tex/latex/pgf/systemlayer/pgfsys.sty (/usr/share/texlive/texmf-dist/tex/generic/pgf/systemlayer/pgfsys.code.tex
Package: pgfsys 2020/01/08 v3.1.5b (3.1.5b)
 (/usr/share/texlive/texmf-dist/tex/generic/pgf/utilities/pgfkeys.code.tex
\pgfkeys@pathtoks=\toks18
\pgfkeys@temptoks=\toks19
 (/usr/share/texlive/texmf-dist/tex/generic/pgf/utilities/pgfkeysfiltered.code.tex
\pgfkeys@tmptoks=\toks20
))
\pgf@x=\dimen155
\pgf@y=\dimen156
\pgf@xa=\dimen157
\pgf@ya=\dimen158
\pgf@xb=\dimen159
\pgf@yb=\dimen160
\pgf@xc=\dimen161
\pgf@yc=\dimen162
\pgf@xd=\dimen163
\pgf@yd=\dimen164
\w@pgf@writea=\write3
\r@pgf@reada=\read2
\c@pgf@counta=\count197
\c@pgf@countb=\count198
\c@pgf@countc=\count199
\c@pgf@countd=\count266
\t@pgf@toka=\toks21
\t@pgf@tokb=\toks22
\t@pgf@tokc=\toks23
\pgf@sys@id@count=\count267
 (/usr/share/texlive/texmf-dist/tex/generic/pgf/systemlayer/pgf.cfg
File: pgf.cfg 2020/01/08 v3.1.5b (3.1.5b)
)
Driver file for pgf: pgfsys-pdftex.def
 (/usr/share/texlive/texmf-dist/tex/generic/pgf/systemlayer/pgfsys-pdftex.def
File: pgfsys-pdftex.def 2020/01/08 v3.1.5b (3.1.5b)
 (/usr/share/texlive/texmf-dist/tex/generic/pgf/systemlayer/pgfsys-common-pdf.def
File: pgfsys-common-pdf.def 2020/01/08 v3.1.5b (3.1.5b)
))) (/usr/share/texlive/texmf-dist/tex/generic/pgf/systemlayer/pgfsyssoftpath.code.tex
File: pgfsyssoftpath.code.tex 2020/01/08 v3.1.5b (3.1.5b)
\pgfsyssoftpath@smallbuffer@items=\count268
\pgfsyssoftpath@bigbuffer@items=\count269
) (/usr/share/texlive/texmf-dist/tex/generic/pgf/systemlayer/pgfsysprotocol.code.tex
File: pgfsysprotocol.code.tex 2020/01/08 v3.1.5b (3.1.5b)
)) (/usr/share/texlive/texmf-dist/tex/generic/pgf/basiclayer/pgfcore.code.tex
Package: pgfcore 2020/01/08 v3.1.5b (3.1.5b)
 (/usr/share/texlive/texmf-dist/tex/generic/pgf/math/pgfmath.code.tex (/usr/share/texlive/texmf-dist/tex/generic/pgf/math/pgfmathcalc.code.tex (/usr/share/texlive/texmf-dist/tex/generic/pgf/math/pgfmathutil.code.tex) (/usr/share/texlive/texmf-dist/tex/generic/pgf/math/pgfmathparser.code.tex
\pgfmath@dimen=\dimen165
\pgfmath@count=\count270
\pgfmath@box=\box48
\pgfmath@toks=\toks24
\pgfmath@stack@operand=\toks25
\pgfmath@stack@operation=\toks26
) (/usr/share/texlive/texmf-dist/tex/generic/pgf/math/pgfmathfunctions.code.tex (/usr/share/texlive/texmf-dist/tex/generic/pgf/math/pgfmathfunctions.basic.code.tex) (/usr/share/texlive/texmf-dist/tex/generic/pgf/math/pgfmathfunctions.trigonometric.code.tex) (/usr/share/texlive/texmf-dist/tex/generic/pgf/math/pgfmathfunctions.random.code.tex) (/usr/share/texlive/texmf-dist/tex/generic/pgf/math/pgfmathfunctions.comparison.code.tex) (/usr/share/texlive/texmf-dist/tex/generic/pgf/math/pgfmathfunctions.base.code.tex) (/usr/share/texlive/texmf-dist/tex/generic/pgf/math/pgfmathfunctions.round.code.tex) (/usr/share/texlive/texmf-dist/tex/generic/pgf/math/pgfmathfunctions.misc.code.tex) (/usr/share/texlive/texmf-dist/tex/generic/pgf/math/pgfmathfunctions.integerarithmetics.code.tex))) (/usr/share/texlive/texmf-dist/tex/generic/pgf/math/pgfmathfloat.code.tex
\c@pgfmathroundto@lastzeros=\count271
)) (/usr/share/texlive/texmf-dist/tex/generic/pgf/math/pgfint.code.tex) (/usr/share/texlive/texmf-dist/tex/generic/pgf/basiclayer/pgfcorepoints.code.tex
File: pgfcorepoints.code.tex 2020/01/08 v3.1.5b (3.1.5b)
\pgf@picminx=\dimen166
\pgf@picmaxx=\dimen167
\pgf@picminy=\dimen168
\pgf@picmaxy=\dimen169
\pgf@pathminx=\dimen170
\pgf@pathmaxx=\dimen171
\pgf@pathminy=\dimen172
\pgf@pathmaxy=\dimen173
\pgf@xx=\dimen174
\pgf@xy=\dimen175
\pgf@yx=\dimen176
\pgf@yy=\dimen177
\pgf@zx=\dimen178
\pgf@zy=\dimen179
) (/usr/share/texlive/texmf-dist/tex/generic/pgf/basiclayer/pgfcorepathconstruct.code.tex
File: pgfcorepathconstruct.code.tex 2020/01/08 v3.1.5b (3.1.5b)
\pgf@path@lastx=\dimen180
\pgf@path@lasty=\dimen181
) (/usr/share/texlive/texmf-dist/tex/generic/pgf/basiclayer/pgfcorepathusage.code.tex
File: pgfcorepathusage.code.tex 2020/01/08 v3.1.5b (3.1.5b)
\pgf@shorten@end@additional=\dimen182
\pgf@shorten@start@additional=\dimen183
) (/usr/share/texlive/texmf-dist/tex/generic/pgf/basiclayer/pgfcorescopes.code.tex
File: pgfcorescopes.code.tex 2020/01/08 v3.1.5b (3.1.5b)
\pgfpic=\box49
\pgf@hbox=\box50
\pgf@layerbox@main=\box51
\pgf@picture@serial@count=\count272
) (/usr/share/texlive/texmf-dist/tex/generic/pgf/basiclayer/pgfcoregraphicstate.code.tex
File: pgfcoregraphicstate.code.tex 2020/01/08 v3.1.5b (3.1.5b)
\pgflinewidth=\dimen184
) (/usr/share/texlive/texmf-dist/tex/generic/pgf/basiclayer/pgfcoretransformations.code.tex
File: pgfcoretransformations.code.tex 2020/01/08 v3.1.5b (3.1.5b)
\pgf@pt@x=\dimen185
\pgf@pt@y=\dimen186
\pgf@pt@temp=\dimen187
) (/usr/share/texlive/texmf-dist/tex/generic/pgf/basiclayer/pgfcorequick.code.tex
File: pgfcorequick.code.tex 2020/01/08 v3.1.5b (3.1.5b)
) (/usr/share/texlive/texmf-dist/tex/generic/pgf/basiclayer/pgfcoreobjects.code.tex
File: pgfcoreobjects.code.tex 2020/01/08 v3.1.5b (3.1.5b)
) (/usr/share/texlive/texmf-dist/tex/generic/pgf/basiclayer/pgfcorepathprocessing.code.tex
File: pgfcorepathprocessing.code.tex 2020/01/08 v3.1.5b (3.1.5b)
) (/usr/share/texlive/texmf-dist/tex/generic/pgf/basiclayer/pgfcorearrows.code.tex
File: pgfcorearrows.code.tex 2020/01/08 v3.1.5b (3.1.5b)
\pgfarrowsep=\dimen188
) (/usr/share/texlive/texmf-dist/tex/generic/pgf/basiclayer/pgfcoreshade.code.tex
File: pgfcoreshade.code.tex 2020/01/08 v3.1.5b (3.1.5b)
\pgf@max=\dimen189
\pgf@sys@shading@range@num=\count273
\pgf@shadingcount=\count274
) (/usr/share/texlive/texmf-dist/tex/generic/pgf/basiclayer/pgfcoreimage.code.tex
File: pgfcoreimage.code.tex 2020/01/08 v3.1.5b (3.1.5b)
 (/usr/share/texlive/texmf-dist/tex/generic/pgf/basiclayer/pgfcoreexternal.code.tex
File: pgfcoreexternal.code.tex 2020/01/08 v3.1.5b (3.1.5b)
\pgfexternal@startupbox=\box52
)) (/usr/share/texlive/texmf-dist/tex/generic/pgf/basiclayer/pgfcorelayers.code.tex
File: pgfcorelayers.code.tex 2020/01/08 v3.1.5b (3.1.5b)
) (/usr/share/texlive/texmf-dist/tex/generic/pgf/basiclayer/pgfcoretransparency.code.tex
File: pgfcoretransparency.code.tex 2020/01/08 v3.1.5b (3.1.5b)
) (/usr/share/texlive/texmf-dist/tex/generic/pgf/basiclayer/pgfcorepatterns.code.tex
File: pgfcorepatterns.code.tex 2020/01/08 v3.1.5b (3.1.5b)
) (/usr/share/texlive/texmf-dist/tex/generic/pgf/basiclayer/pgfcorerdf.code.tex
File: pgfcorerdf.code.tex 2020/01/08 v3.1.5b (3.1.5b)
))) (/usr/share/texlive/texmf-dist/tex/generic/pgf/modules/pgfmoduleshapes.code.tex
File: pgfmoduleshapes.code.tex 2020/01/08 v3.1.5b (3.1.5b)
\pgfnodeparttextbox=\box53
) (/usr/share/texlive/texmf-dist/tex/generic/pgf/modules/pgfmoduleplot.code.tex
File: pgfmoduleplot.code.tex 2020/01/08 v3.1.5b (3.1.5b)
) (/usr/share/texlive/texmf-dist/tex/latex/pgf/compatibility/pgfcomp-version-0-65.sty
Package: pgfcomp-version-0-65 2020/01/08 v3.1.5b (3.1.5b)
\pgf@nodesepstart=\dimen190
\pgf@nodesepend=\dimen191
) (/usr/share/texlive/texmf-dist/tex/latex/pgf/compatibility/pgfcomp-version-1-18.sty
Package: pgfcomp-version-1-18 2020/01/08 v3.1.5b (3.1.5b)
)) (/usr/share/texlive/texmf-dist/tex/latex/pgf/utilities/pgffor.sty (/usr/share/texlive/texmf-dist/tex/latex/pgf/utilities/pgfkeys.sty (/usr/share/texlive/texmf-dist/tex/generic/pgf/utilities/pgfkeys.code.tex)) (/usr/share/texlive/texmf-dist/tex/latex/pgf/math/pgfmath.sty (/usr/share/texlive/texmf-dist/tex/generic/pgf/math/pgfmath.code.tex)) (/usr/share/texlive/texmf-dist/tex/generic/pgf/utilities/pgffor.code.tex
Package: pgffor 2020/01/08 v3.1.5b (3.1.5b)
 (/usr/share/texlive/texmf-dist/tex/generic/pgf/math/pgfmath.code.tex)
\pgffor@iter=\dimen192
\pgffor@skip=\dimen193
\pgffor@stack=\toks27
\pgffor@toks=\toks28
)) (/usr/share/texlive/texmf-dist/tex/generic/pgf/frontendlayer/tikz/tikz.code.tex
Package: tikz 2020/01/08 v3.1.5b (3.1.5b)
 (/usr/share/texlive/texmf-dist/tex/generic/pgf/libraries/pgflibraryplothandlers.code.tex
File: pgflibraryplothandlers.code.tex 2020/01/08 v3.1.5b (3.1.5b)
\pgf@plot@mark@count=\count275
\pgfplotmarksize=\dimen194
)
\tikz@lastx=\dimen195
\tikz@lasty=\dimen196
\tikz@lastxsaved=\dimen197
\tikz@lastysaved=\dimen198
\tikz@lastmovetox=\dimen199
\tikz@lastmovetoy=\dimen256
\tikzleveldistance=\dimen257
\tikzsiblingdistance=\dimen258
\tikz@figbox=\box54
\tikz@figbox@bg=\box55
\tikz@tempbox=\box56
\tikz@tempbox@bg=\box57
\tikztreelevel=\count276
\tikznumberofchildren=\count277
\tikznumberofcurrentchild=\count278
\tikz@fig@count=\count279
 (/usr/share/texlive/texmf-dist/tex/generic/pgf/modules/pgfmodulematrix.code.tex
File: pgfmodulematrix.code.tex 2020/01/08 v3.1.5b (3.1.5b)
\pgfmatrixcurrentrow=\count280
\pgfmatrixcurrentcolumn=\count281
\pgf@matrix@numberofcolumns=\count282
)
\tikz@expandcount=\count283
 (/usr/share/texlive/texmf-dist/tex/generic/pgf/frontendlayer/tikz/libraries/tikzlibrarytopaths.code.tex
File: tikzlibrarytopaths.code.tex 2020/01/08 v3.1.5b (3.1.5b)
))) (/usr/share/texlive/texmf-dist/tex/latex/l3backend/l3backend-pdfmode.def
File: l3backend-pdfmode.def 2020-02-03 L3 backend support: PDF mode
\l__kernel_color_stack_int=\count284
\l__pdf_internal_box=\box58
) (/media/totoro/Data/BTECH/5/practicals/daa/daa-lab/file.aux)
\openout1 = `file.aux'.

LaTeX Font Info:    Checking defaults for OML/cmm/m/it on input line 49.
LaTeX Font Info:    ... okay on input line 49.
LaTeX Font Info:    Checking defaults for OMS/cmsy/m/n on input line 49.
LaTeX Font Info:    ... okay on input line 49.
LaTeX Font Info:    Checking defaults for OT1/cmr/m/n on input line 49.
LaTeX Font Info:    ... okay on input line 49.
LaTeX Font Info:    Checking defaults for T1/cmr/m/n on input line 49.
LaTeX Font Info:    ... okay on input line 49.
LaTeX Font Info:    Checking defaults for TS1/cmr/m/n on input line 49.
LaTeX Font Info:    ... okay on input line 49.
LaTeX Font Info:    Checking defaults for OMX/cmex/m/n on input line 49.
LaTeX Font Info:    ... okay on input line 49.
LaTeX Font Info:    Checking defaults for U/cmr/m/n on input line 49.
LaTeX Font Info:    ... okay on input line 49.
LaTeX Font Info:    Checking defaults for PD1/pdf/m/n on input line 49.
LaTeX Font Info:    ... okay on input line 49.

*geometry* driver: auto-detecting
*geometry* detected driver: pdftex
*geometry* verbose mode - [ preamble ] result:
* driver: pdftex
* paper: a4paper
* layout: <same size as paper>
* layoutoffset:(h,v)=(0.0pt,0.0pt)
* modes: 
* h-part:(L,W,R)=(63.87643pt, 469.75499pt, 63.87645pt)
* v-part:(T,H,B)=(60.50174pt, 693.79243pt, 90.75267pt)
* \paperwidth=597.50787pt
* \paperheight=845.04684pt
* \textwidth=469.75499pt
* \textheight=693.79243pt
* \oddsidemargin=-8.39355pt
* \evensidemargin=-8.39355pt
* \topmargin=-48.76825pt
* \headheight=12.0pt
* \headsep=25.0pt
* \topskip=10.0pt
* \footskip=30.0pt
* \marginparwidth=65.0pt
* \marginparsep=11.0pt
* \columnsep=10.0pt
* \skip\footins=9.0pt plus 4.0pt minus 2.0pt
* \hoffset=0.0pt
* \voffset=0.0pt
* \mag=1000
* \@twocolumnfalse
* \@twosidefalse
* \@mparswitchfalse
* \@reversemarginfalse
* (1in=72.27pt=25.4mm, 1cm=28.453pt)

\c@lstlisting=\count285
(/usr/share/texlive/texmf-dist/tex/context/base/mkii/supp-pdf.mkii
[Loading MPS to PDF converter (version 2006.09.02).]
\scratchcounter=\count286
\scratchdimen=\dimen259
\scratchbox=\box59
\nofMPsegments=\count287
\nofMParguments=\count288
\everyMPshowfont=\toks29
\MPscratchCnt=\count289
\MPscratchDim=\dimen260
\MPnumerator=\count290
\makeMPintoPDFobject=\count291
\everyMPtoPDFconversion=\toks30
) (/usr/share/texlive/texmf-dist/tex/latex/epstopdf-pkg/epstopdf-base.sty
Package: epstopdf-base 2020-01-24 v2.11 Base part for package epstopdf
Package epstopdf-base Info: Redefining graphics rule for `.eps' on input line 485.
 (/usr/share/texlive/texmf-dist/tex/latex/latexconfig/epstopdf-sys.cfg
File: epstopdf-sys.cfg 2010/07/13 v1.3 Configuration of (r)epstopdf for TeX Live
))
\AtBeginShipoutBox=\box60
Package hyperref Info: Link coloring ON on input line 49.
 (/usr/share/texlive/texmf-dist/tex/latex/hyperref/nameref.sty
Package: nameref 2019/09/16 v2.46 Cross-referencing by name of section
 (/usr/share/texlive/texmf-dist/tex/latex/refcount/refcount.sty
Package: refcount 2019/12/15 v3.6 Data extraction from label references (HO)
) (/usr/share/texlive/texmf-dist/tex/generic/gettitlestring/gettitlestring.sty
Package: gettitlestring 2019/12/15 v1.6 Cleanup title references (HO)
)
\c@section@level=\count292
)
LaTeX Info: Redefining \ref on input line 49.
LaTeX Info: Redefining \pageref on input line 49.
LaTeX Info: Redefining \nameref on input line 49.
 (/media/totoro/Data/BTECH/5/practicals/daa/daa-lab/file.out) (/media/totoro/Data/BTECH/5/practicals/daa/daa-lab/file.out)
\@outlinefile=\write4
\openout4 = `file.out'.

 ABD: EveryShipout initializing macros
LaTeX Font Info:    External font `cmex10' loaded for size
(Font)              <12> on input line 52.
LaTeX Font Info:    External font `cmex10' loaded for size
(Font)              <8> on input line 52.
LaTeX Font Info:    External font `cmex10' loaded for size
(Font)              <6> on input line 52.
 [1

{/var/lib/texmf/fonts/map/pdftex/updmap/pdftex.map}] (/media/totoro/Data/BTECH/5/practicals/daa/daa-lab/file.toc
LaTeX Font Info:    External font `cmex10' loaded for size
(Font)              <7> on input line 2.
LaTeX Font Info:    External font `cmex10' loaded for size
(Font)              <5> on input line 2.
)
\tf@toc=\write5
\openout5 = `file.toc'.

 [2] (/media/totoro/Data/BTECH/5/practicals/daa/daa-lab/week1/1.que)
Underfull \hbox (badness 10000) in paragraph at lines 1--58

 []

(/usr/share/texlive/texmf-dist/tex/latex/listings/lstlang1.sty
File: lstlang1.sty 2019/09/10 1.8c listings language file
) (/usr/share/texlive/texmf-dist/tex/latex/listings/lstlang1.sty
File: lstlang1.sty 2019/09/10 1.8c listings language file
) (/usr/share/texlive/texmf-dist/tex/latex/listings/lstmisc.sty
File: lstmisc.sty 2019/09/10 1.8c (Carsten Heinz)
)
LaTeX Font Info:    Trying to load font information for OT1+pcr on input line 58.
 (/usr/share/texlive/texmf-dist/tex/latex/psnfss/ot1pcr.fd
File: ot1pcr.fd 2001/06/04 font definitions for OT1/pcr.
) (/media/totoro/Data/BTECH/5/practicals/daa/daa-lab/week1/1.cpp) [3] (/media/totoro/Data/BTECH/5/practicals/daa/daa-lab/week1/1.in) (/media/totoro/Data/BTECH/5/practicals/daa/daa-lab/week1/1.out) [4] (/media/totoro/Data/BTECH/5/practicals/daa/daa-lab/week1/2.que)
Underfull \hbox (badness 10000) in paragraph at lines 1--58

 []

(/media/totoro/Data/BTECH/5/practicals/daa/daa-lab/week1/2.cpp) [5] (/media/totoro/Data/BTECH/5/practicals/daa/daa-lab/week1/2.in) (/media/totoro/Data/BTECH/5/practicals/daa/daa-lab/week1/2.out) [6] (/media/totoro/Data/BTECH/5/practicals/daa/daa-lab/week1/3.que)
Underfull \hbox (badness 10000) in paragraph at lines 1--58

 []

(/media/totoro/Data/BTECH/5/practicals/daa/daa-lab/week1/3.cpp) [7] (/media/totoro/Data/BTECH/5/practicals/daa/daa-lab/week1/3.in) (/media/totoro/Data/BTECH/5/practicals/daa/daa-lab/week1/3.out) [8] (/media/totoro/Data/BTECH/5/practicals/daa/daa-lab/week1/1.que)
Underfull \hbox (badness 10000) in paragraph at lines 1--59

 []

(/media/totoro/Data/BTECH/5/practicals/daa/daa-lab/week2/1.cpp) [9] (/media/totoro/Data/BTECH/5/practicals/daa/daa-lab/week2/1.in) (/media/totoro/Data/BTECH/5/practicals/daa/daa-lab/week2/1.out) [10] (/media/totoro/Data/BTECH/5/practicals/daa/daa-lab/week1/2.que)
Underfull \hbox (badness 10000) in paragraph at lines 1--59

 []

(/media/totoro/Data/BTECH/5/practicals/daa/daa-lab/week2/2.cpp) [11] (/media/totoro/Data/BTECH/5/practicals/daa/daa-lab/week2/2.in) (/media/totoro/Data/BTECH/5/practicals/daa/daa-lab/week2/2.out) [12] (/media/totoro/Data/BTECH/5/practicals/daa/daa-lab/week1/3.que)
Underfull \hbox (badness 10000) in paragraph at lines 1--59

 []

(/media/totoro/Data/BTECH/5/practicals/daa/daa-lab/week2/3.cpp) [13] (/media/totoro/Data/BTECH/5/practicals/daa/daa-lab/week2/3.in) (/media/totoro/Data/BTECH/5/practicals/daa/daa-lab/week2/3.out) [14] (/media/totoro/Data/BTECH/5/practicals/daa/daa-lab/week1/1.que)
Underfull \hbox (badness 10000) in paragraph at lines 1--60

 []

(/media/totoro/Data/BTECH/5/practicals/daa/daa-lab/week3/1.cpp) [15] (/media/totoro/Data/BTECH/5/practicals/daa/daa-lab/week3/1.in) (/media/totoro/Data/BTECH/5/practicals/daa/daa-lab/week3/1.out) [16] (/media/totoro/Data/BTECH/5/practicals/daa/daa-lab/week1/2.que)
Underfull \hbox (badness 10000) in paragraph at lines 1--60

 []

(/media/totoro/Data/BTECH/5/practicals/daa/daa-lab/week3/2.cpp) [17] (/media/totoro/Data/BTECH/5/practicals/daa/daa-lab/week3/2.in) (/media/totoro/Data/BTECH/5/practicals/daa/daa-lab/week3/2.out) [18] (/media/totoro/Data/BTECH/5/practicals/daa/daa-lab/week1/3.que)
Underfull \hbox (badness 10000) in paragraph at lines 1--60

 []

(/media/totoro/Data/BTECH/5/practicals/daa/daa-lab/week3/3.cpp) [19] (/media/totoro/Data/BTECH/5/practicals/daa/daa-lab/week3/3.in) (/media/totoro/Data/BTECH/5/practicals/daa/daa-lab/week3/3.out) [20] (/media/totoro/Data/BTECH/5/practicals/daa/daa-lab/week1/1.que)
Underfull \hbox (badness 10000) in paragraph at lines 1--61

 []

(/media/totoro/Data/BTECH/5/practicals/daa/daa-lab/week4/1.cpp [21]) [22] (/media/totoro/Data/BTECH/5/practicals/daa/daa-lab/week4/1.in) (/media/totoro/Data/BTECH/5/practicals/daa/daa-lab/week4/1.out) [23] (/media/totoro/Data/BTECH/5/practicals/daa/daa-lab/week1/2.que)
Underfull \hbox (badness 10000) in paragraph at lines 1--61

 []

(/media/totoro/Data/BTECH/5/practicals/daa/daa-lab/week4/2.cpp [24]) [25] (/media/totoro/Data/BTECH/5/practicals/daa/daa-lab/week4/2.in) (/media/totoro/Data/BTECH/5/practicals/daa/daa-lab/week4/2.out) [26] (/media/totoro/Data/BTECH/5/practicals/daa/daa-lab/week1/3.que)
Underfull \hbox (badness 10000) in paragraph at lines 1--61

 []

(/media/totoro/Data/BTECH/5/practicals/daa/daa-lab/week4/3.cpp [27]) [28] (/media/totoro/Data/BTECH/5/practicals/daa/daa-lab/week4/3.in) (/media/totoro/Data/BTECH/5/practicals/daa/daa-lab/week4/3.out) [29] (/media/totoro/Data/BTECH/5/practicals/daa/daa-lab/week1/1.que)
Underfull \hbox (badness 10000) in paragraph at lines 1--62

 []

(/media/totoro/Data/BTECH/5/practicals/daa/daa-lab/week5/1.cpp) [30] (/media/totoro/Data/BTECH/5/practicals/daa/daa-lab/week5/1.in) (/media/totoro/Data/BTECH/5/practicals/daa/daa-lab/week5/1.out) [31] (/media/totoro/Data/BTECH/5/practicals/daa/daa-lab/week1/2.que)
Underfull \hbox (badness 10000) in paragraph at lines 1--62

 []

(/media/totoro/Data/BTECH/5/practicals/daa/daa-lab/week5/2.cpp) [32] (/media/totoro/Data/BTECH/5/practicals/daa/daa-lab/week5/2.in) (/media/totoro/Data/BTECH/5/practicals/daa/daa-lab/week5/2.out) [33] (/media/totoro/Data/BTECH/5/practicals/daa/daa-lab/week1/3.que)
Underfull \hbox (badness 10000) in paragraph at lines 1--62

 []

(/media/totoro/Data/BTECH/5/practicals/daa/daa-lab/week5/3.cpp) [34] (/media/totoro/Data/BTECH/5/practicals/daa/daa-lab/week5/3.in) (/media/totoro/Data/BTECH/5/practicals/daa/daa-lab/week5/3.out) [35] (/media/totoro/Data/BTECH/5/practicals/daa/daa-lab/week1/1.que)
Underfull \hbox (badness 10000) in paragraph at lines 1--63

 []

(/media/totoro/Data/BTECH/5/practicals/daa/daa-lab/week6/1.cpp) [36] (/media/totoro/Data/BTECH/5/practicals/daa/daa-lab/week6/1.in) (/media/totoro/Data/BTECH/5/practicals/daa/daa-lab/week6/1.out) [37] (/media/totoro/Data/BTECH/5/practicals/daa/daa-lab/week1/2.que)
Underfull \hbox (badness 10000) in paragraph at lines 1--63

 []

(/media/totoro/Data/BTECH/5/practicals/daa/daa-lab/week6/2.cpp) [38] [39] (/media/totoro/Data/BTECH/5/practicals/daa/daa-lab/week6/2.in) (/media/totoro/Data/BTECH/5/practicals/daa/daa-lab/week6/2.out) [40] (/media/totoro/Data/BTECH/5/practicals/daa/daa-lab/week1/1.que)
Underfull \hbox (badness 10000) in paragraph at lines 1--64

 []

(/media/totoro/Data/BTECH/5/practicals/daa/daa-lab/week7/1.cpp [41]) [42] (/media/totoro/Data/BTECH/5/practicals/daa/daa-lab/week7/1.in) (/media/totoro/Data/BTECH/5/practicals/daa/daa-lab/week7/1.out) [43] (/media/totoro/Data/BTECH/5/practicals/daa/daa-lab/week1/2.que)
Underfull \hbox (badness 10000) in paragraph at lines 1--64

 []

(/media/totoro/Data/BTECH/5/practicals/daa/daa-lab/week7/2.cpp) [44] (/media/totoro/Data/BTECH/5/practicals/daa/daa-lab/week7/2.in) (/media/totoro/Data/BTECH/5/practicals/daa/daa-lab/week7/2.out) [45] (/media/totoro/Data/BTECH/5/practicals/daa/daa-lab/week1/3.que)
Underfull \hbox (badness 10000) in paragraph at lines 1--64

 []

(/media/totoro/Data/BTECH/5/practicals/daa/daa-lab/week7/3.cpp) [46] (/media/totoro/Data/BTECH/5/practicals/daa/daa-lab/week7/3.in) (/media/totoro/Data/BTECH/5/practicals/daa/daa-lab/week7/3.out) [47] (/media/totoro/Data/BTECH/5/practicals/daa/daa-lab/week1/1.que)
Underfull \hbox (badness 10000) in paragraph at lines 1--65

 []

(/media/totoro/Data/BTECH/5/practicals/daa/daa-lab/week8/1.cpp [48]) [49] (/media/totoro/Data/BTECH/5/practicals/daa/daa-lab/week8/1.in) (/media/totoro/Data/BTECH/5/practicals/daa/daa-lab/week8/1.out) [50] (/media/totoro/Data/BTECH/5/practicals/daa/daa-lab/week1/2.que)
Underfull \hbox (badness 10000) in paragraph at lines 1--65

 []

(/media/totoro/Data/BTECH/5/practicals/daa/daa-lab/week8/2.cpp [51]) [52] (/media/totoro/Data/BTECH/5/practicals/daa/daa-lab/week8/2.in) (/media/totoro/Data/BTECH/5/practicals/daa/daa-lab/week8/2.out) [53] (/media/totoro/Data/BTECH/5/practicals/daa/daa-lab/week1/3.que)
Underfull \hbox (badness 10000) in paragraph at lines 1--65

 []

(/media/totoro/Data/BTECH/5/practicals/daa/daa-lab/week8/3.cpp [54]) [55] (/media/totoro/Data/BTECH/5/practicals/daa/daa-lab/week8/3.in) (/media/totoro/Data/BTECH/5/practicals/daa/daa-lab/week8/3.out) [56] (/media/totoro/Data/BTECH/5/practicals/daa/daa-lab/week1/1.que)
Underfull \hbox (badness 10000) in paragraph at lines 1--66

 []

(/media/totoro/Data/BTECH/5/practicals/daa/daa-lab/week9/1.cpp) [57] (/media/totoro/Data/BTECH/5/practicals/daa/daa-lab/week9/1.in) (/media/totoro/Data/BTECH/5/practicals/daa/daa-lab/week9/1.out) [58] (/media/totoro/Data/BTECH/5/practicals/daa/daa-lab/week1/2.que)
Underfull \hbox (badness 10000) in paragraph at lines 1--66

 []

(/media/totoro/Data/BTECH/5/practicals/daa/daa-lab/week9/2.cpp) [59] (/media/totoro/Data/BTECH/5/practicals/daa/daa-lab/week9/2.in) (/media/totoro/Data/BTECH/5/practicals/daa/daa-lab/week9/2.out) [60] (/media/totoro/Data/BTECH/5/practicals/daa/daa-lab/week1/3.que)
Underfull \hbox (badness 10000) in paragraph at lines 1--66

 []

(/media/totoro/Data/BTECH/5/practicals/daa/daa-lab/week9/3.cpp) [61] (/media/totoro/Data/BTECH/5/practicals/daa/daa-lab/week9/3.in) (/media/totoro/Data/BTECH/5/practicals/daa/daa-lab/week9/3.out) [62] (/media/totoro/Data/BTECH/5/practicals/daa/daa-lab/week1/1.que)
Underfull \hbox (badness 10000) in paragraph at lines 1--67

 []

(/media/totoro/Data/BTECH/5/practicals/daa/daa-lab/week10/1.cpp) [63] (/media/totoro/Data/BTECH/5/practicals/daa/daa-lab/week10/1.in) (/media/totoro/Data/BTECH/5/practicals/daa/daa-lab/week10/1.out) [64] (/media/totoro/Data/BTECH/5/practicals/daa/daa-lab/week1/2.que)
Underfull \hbox (badness 10000) in paragraph at lines 1--67

 []

(/media/totoro/Data/BTECH/5/practicals/daa/daa-lab/week10/2.cpp) [65] (/media/totoro/Data/BTECH/5/practicals/daa/daa-lab/week10/2.in) (/media/totoro/Data/BTECH/5/practicals/daa/daa-lab/week10/2.out) [66] (/media/totoro/Data/BTECH/5/practicals/daa/daa-lab/week1/3.que)
Underfull \hbox (badness 10000) in paragraph at lines 1--67

 []

(/media/totoro/Data/BTECH/5/practicals/daa/daa-lab/week10/3.cpp [67]) [68] (/media/totoro/Data/BTECH/5/practicals/daa/daa-lab/week10/3.in) (/media/totoro/Data/BTECH/5/practicals/daa/daa-lab/week10/3.out) [69] (/media/totoro/Data/BTECH/5/practicals/daa/daa-lab/week1/1.que)
Underfull \hbox (badness 10000) in paragraph at lines 1--68

 []

(/media/totoro/Data/BTECH/5/practicals/daa/daa-lab/week11/1.cpp) [70] (/media/totoro/Data/BTECH/5/practicals/daa/daa-lab/week11/1.in) (/media/totoro/Data/BTECH/5/practicals/daa/daa-lab/week11/1.out) [71] (/media/totoro/Data/BTECH/5/practicals/daa/daa-lab/week1/2.que)
Underfull \hbox (badness 10000) in paragraph at lines 1--68

 []

(/media/totoro/Data/BTECH/5/practicals/daa/daa-lab/week11/2.cpp) [72] (/media/totoro/Data/BTECH/5/practicals/daa/daa-lab/week11/2.in) (/media/totoro/Data/BTECH/5/practicals/daa/daa-lab/week11/2.out) [73] (/media/totoro/Data/BTECH/5/practicals/daa/daa-lab/week1/3.que)
Underfull \hbox (badness 10000) in paragraph at lines 1--68

 []

(/media/totoro/Data/BTECH/5/practicals/daa/daa-lab/week11/3.cpp) [74] (/media/totoro/Data/BTECH/5/practicals/daa/daa-lab/week11/3.in) (/media/totoro/Data/BTECH/5/practicals/daa/daa-lab/week11/3.out) [75]
Package atveryend Info: Empty hook `BeforeClearDocument' on input line 70.
Package atveryend Info: Empty hook `AfterLastShipout' on input line 70.
 (/media/totoro/Data/BTECH/5/practicals/daa/daa-lab/file.aux)
Package atveryend Info: Executing hook `AtVeryEndDocument' on input line 70.
Package atveryend Info: Executing hook `AtEndAfterFileList' on input line 70.
Package rerunfilecheck Info: File `file.out' has not changed.
(rerunfilecheck)             Checksum: B537B004CC26D34000A8424E973229DD;2389.
Package atveryend Info: Empty hook `AtVeryVeryEnd' on input line 70.
 ) 
Here is how much of TeX's memory you used:
 20468 strings out of 481239
 380879 string characters out of 5920377
 999468 words of memory out of 5000000
 33189 multiletter control sequences out of 15000+600000
 537623 words of font info for 42 fonts, out of 8000000 for 9000
 1141 hyphenation exceptions out of 8191
 60i,6n,64p,460b,1984s stack positions out of 5000i,500n,10000p,200000b,80000s
{/usr/share/texlive/texmf-dist/fonts/enc/dvips/base/8r.enc}</usr/share/texlive/texmf-dist/fonts/type1/public/amsfonts/cm/cmbx10.pfb></usr/share/texlive/texmf-dist/fonts/type1/public/amsfonts/cm/cmbx12.pfb></usr/share/texlive/texmf-dist/fonts/type1/public/amsfonts/cm/cmmi10.pfb></usr/share/texlive/texmf-dist/fonts/type1/public/amsfonts/cm/cmmi7.pfb></usr/share/texlive/texmf-dist/fonts/type1/public/amsfonts/cm/cmr10.pfb></usr/share/texlive/texmf-dist/fonts/type1/public/amsfonts/cm/cmr12.pfb></usr/share/texlive/texmf-dist/fonts/type1/public/amsfonts/cm/cmr17.pfb></usr/share/texlive/texmf-dist/fonts/type1/public/amsfonts/cm/cmr7.pfb></usr/share/texlive/texmf-dist/fonts/type1/public/amsfonts/cm/cmsy10.pfb></usr/share/texlive/texmf-dist/fonts/type1/urw/courier/ucrb8a.pfb></usr/share/texlive/texmf-dist/fonts/type1/urw/courier/ucrr8a.pfb>
Output written on /media/totoro/Data/BTECH/5/practicals/daa/daa-lab/file.pdf (75 pages, 260301 bytes).
PDF statistics:
 2821 PDF objects out of 2984 (max. 8388607)
 2705 compressed objects within 28 object streams
 1936 named destinations out of 2073 (max. 500000)
 357 words of extra memory for PDF output out of 10000 (max. 10000000)

